1713356039.900266 client started (449307): version 3.3a, socket /tmp/tmux-1000/default, protocol 8
1713356039.900497 on Linux 6.1.21-v8+ #1642 SMP PREEMPT Mon Apr  3 17:24:16 BST 2023
1713356039.900553 using libevent 2.1.12-stable (poll); ncurses 6.4
1713356039.900739 flags are 0x10010000
1713356039.900791 socket is /tmp/tmux-1000/default
1713356039.900880 trying connect
1713356039.901423 add peer 0x55b6e88150: 6 ((nil))
1713356039.903313 sending message 100 to peer 0x55b6e88150 (4 bytes)
1713356039.903429 sending message 111 to peer 0x55b6e88150 (8 bytes)
1713356039.903488 sending message 101 to peer 0x55b6e88150 (14 bytes)
1713356039.903543 sending message 109 to peer 0x55b6e88150 (4 bytes)
1713356039.903597 sending message 102 to peer 0x55b6e88150 (11 bytes)
1713356039.903646 sending message 108 to peer 0x55b6e88150 (26 bytes)
1713356039.903696 sending message 112 to peer 0x55b6e88150 (70 bytes)
1713356039.903746 sending message 112 to peer 0x55b6e88150 (5 bytes)
1713356039.903796 sending message 112 to peer 0x55b6e88150 (5 bytes)
1713356039.903845 sending message 112 to peer 0x55b6e88150 (6 bytes)
1713356039.903894 sending message 112 to peer 0x55b6e88150 (6 bytes)
1713356039.903944 sending message 112 to peer 0x55b6e88150 (11 bytes)
1713356039.903993 sending message 112 to peer 0x55b6e88150 (10 bytes)
1713356039.904043 sending message 112 to peer 0x55b6e88150 (13 bytes)
1713356039.904092 sending message 112 to peer 0x55b6e88150 (13 bytes)
1713356039.904144 sending message 112 to peer 0x55b6e88150 (18 bytes)
1713356039.904196 sending message 112 to peer 0x55b6e88150 (11 bytes)
1713356039.904246 sending message 112 to peer 0x55b6e88150 (10 bytes)
1713356039.904295 sending message 112 to peer 0x55b6e88150 (15 bytes)
1713356039.904344 sending message 112 to peer 0x55b6e88150 (21 bytes)
1713356039.904393 sending message 112 to peer 0x55b6e88150 (13 bytes)
1713356039.904445 sending message 112 to peer 0x55b6e88150 (7 bytes)
1713356039.904498 sending message 112 to peer 0x55b6e88150 (13 bytes)
1713356039.904547 sending message 112 to peer 0x55b6e88150 (7 bytes)
1713356039.904596 sending message 112 to peer 0x55b6e88150 (13 bytes)
1713356039.904646 sending message 112 to peer 0x55b6e88150 (9 bytes)
1713356039.904695 sending message 112 to peer 0x55b6e88150 (21 bytes)
1713356039.904745 sending message 112 to peer 0x55b6e88150 (13 bytes)
1713356039.904796 sending message 112 to peer 0x55b6e88150 (8 bytes)
1713356039.904846 sending message 112 to peer 0x55b6e88150 (12 bytes)
1713356039.904898 sending message 112 to peer 0x55b6e88150 (13 bytes)
1713356039.904947 sending message 112 to peer 0x55b6e88150 (9 bytes)
1713356039.905123 sending message 112 to peer 0x55b6e88150 (9 bytes)
1713356039.905193 sending message 112 to peer 0x55b6e88150 (12 bytes)
1713356039.905246 sending message 112 to peer 0x55b6e88150 (8 bytes)
1713356039.905300 sending message 112 to peer 0x55b6e88150 (8 bytes)
1713356039.905352 sending message 112 to peer 0x55b6e88150 (7 bytes)
1713356039.905404 sending message 112 to peer 0x55b6e88150 (7 bytes)
1713356039.905456 sending message 112 to peer 0x55b6e88150 (9 bytes)
1713356039.905504 sending message 112 to peer 0x55b6e88150 (13 bytes)
1713356039.905556 sending message 112 to peer 0x55b6e88150 (6 bytes)
1713356039.905607 sending message 112 to peer 0x55b6e88150 (9 bytes)
1713356039.905659 sending message 112 to peer 0x55b6e88150 (15 bytes)
1713356039.905708 sending message 112 to peer 0x55b6e88150 (13 bytes)
1713356039.905760 sending message 112 to peer 0x55b6e88150 (12 bytes)
1713356039.905812 sending message 112 to peer 0x55b6e88150 (8 bytes)
1713356039.905864 sending message 112 to peer 0x55b6e88150 (14 bytes)
1713356039.905912 sending message 112 to peer 0x55b6e88150 (11 bytes)
1713356039.905965 sending message 112 to peer 0x55b6e88150 (9 bytes)
1713356039.906017 sending message 112 to peer 0x55b6e88150 (10 bytes)
1713356039.906069 sending message 112 to peer 0x55b6e88150 (10 bytes)
1713356039.906123 sending message 112 to peer 0x55b6e88150 (10 bytes)
1713356039.906175 sending message 112 to peer 0x55b6e88150 (10 bytes)
1713356039.906294 sending message 112 to peer 0x55b6e88150 (11 bytes)
1713356039.906349 sending message 112 to peer 0x55b6e88150 (12 bytes)
1713356039.906401 sending message 112 to peer 0x55b6e88150 (12 bytes)
1713356039.906454 sending message 112 to peer 0x55b6e88150 (12 bytes)
1713356039.906507 sending message 112 to peer 0x55b6e88150 (12 bytes)
1713356039.906559 sending message 112 to peer 0x55b6e88150 (12 bytes)
1713356039.906608 sending message 112 to peer 0x55b6e88150 (11 bytes)
1713356039.906660 sending message 112 to peer 0x55b6e88150 (11 bytes)
1713356039.906712 sending message 112 to peer 0x55b6e88150 (12 bytes)
1713356039.906764 sending message 112 to peer 0x55b6e88150 (12 bytes)
1713356039.906816 sending message 112 to peer 0x55b6e88150 (12 bytes)
1713356039.906872 sending message 112 to peer 0x55b6e88150 (12 bytes)
1713356039.906924 sending message 112 to peer 0x55b6e88150 (12 bytes)
1713356039.906977 sending message 112 to peer 0x55b6e88150 (10 bytes)
1713356039.907026 sending message 112 to peer 0x55b6e88150 (12 bytes)
1713356039.907078 sending message 112 to peer 0x55b6e88150 (13 bytes)
1713356039.907130 sending message 112 to peer 0x55b6e88150 (13 bytes)
1713356039.907182 sending message 112 to peer 0x55b6e88150 (13 bytes)
1713356039.907236 sending message 112 to peer 0x55b6e88150 (13 bytes)
1713356039.907288 sending message 112 to peer 0x55b6e88150 (13 bytes)
1713356039.907340 sending message 112 to peer 0x55b6e88150 (8 bytes)
1713356039.907392 sending message 112 to peer 0x55b6e88150 (11 bytes)
1713356039.907445 sending message 112 to peer 0x55b6e88150 (11 bytes)
1713356039.907497 sending message 112 to peer 0x55b6e88150 (11 bytes)
1713356039.907546 sending message 112 to peer 0x55b6e88150 (12 bytes)
1713356039.907598 sending message 112 to peer 0x55b6e88150 (12 bytes)
1713356039.907651 sending message 112 to peer 0x55b6e88150 (12 bytes)
1713356039.907703 sending message 112 to peer 0x55b6e88150 (12 bytes)
1713356039.907752 sending message 112 to peer 0x55b6e88150 (13 bytes)
1713356039.907802 sending message 112 to peer 0x55b6e88150 (13 bytes)
1713356039.907852 sending message 112 to peer 0x55b6e88150 (13 bytes)
1713356039.907902 sending message 112 to peer 0x55b6e88150 (8 bytes)
1713356039.907952 sending message 112 to peer 0x55b6e88150 (13 bytes)
1713356039.908004 sending message 112 to peer 0x55b6e88150 (13 bytes)
1713356039.908056 sending message 112 to peer 0x55b6e88150 (13 bytes)
1713356039.908106 sending message 112 to peer 0x55b6e88150 (13 bytes)
1713356039.908159 sending message 112 to peer 0x55b6e88150 (13 bytes)
1713356039.908208 sending message 112 to peer 0x55b6e88150 (12 bytes)
1713356039.908261 sending message 112 to peer 0x55b6e88150 (12 bytes)
1713356039.908314 sending message 112 to peer 0x55b6e88150 (12 bytes)
1713356039.908366 sending message 112 to peer 0x55b6e88150 (12 bytes)
1713356039.908418 sending message 112 to peer 0x55b6e88150 (13 bytes)
1713356039.908471 sending message 112 to peer 0x55b6e88150 (8 bytes)
1713356039.908520 sending message 112 to peer 0x55b6e88150 (13 bytes)
1713356039.908572 sending message 112 to peer 0x55b6e88150 (13 bytes)
1713356039.908624 sending message 112 to peer 0x55b6e88150 (13 bytes)
1713356039.908676 sending message 112 to peer 0x55b6e88150 (13 bytes)
1713356039.908725 sending message 112 to peer 0x55b6e88150 (13 bytes)
1713356039.908777 sending message 112 to peer 0x55b6e88150 (13 bytes)
1713356039.908831 sending message 112 to peer 0x55b6e88150 (13 bytes)
1713356039.908884 sending message 112 to peer 0x55b6e88150 (12 bytes)
1713356039.908936 sending message 112 to peer 0x55b6e88150 (12 bytes)
1713356039.909034 sending message 112 to peer 0x55b6e88150 (12 bytes)
1713356039.909103 sending message 112 to peer 0x55b6e88150 (8 bytes)
1713356039.909155 sending message 112 to peer 0x55b6e88150 (12 bytes)
1713356039.909211 sending message 112 to peer 0x55b6e88150 (13 bytes)
1713356039.909264 sending message 112 to peer 0x55b6e88150 (13 bytes)
1713356039.909316 sending message 112 to peer 0x55b6e88150 (13 bytes)
1713356039.909370 sending message 112 to peer 0x55b6e88150 (13 bytes)
1713356039.909473 sending message 112 to peer 0x55b6e88150 (13 bytes)
1713356039.909528 sending message 112 to peer 0x55b6e88150 (13 bytes)
1713356039.909580 sending message 112 to peer 0x55b6e88150 (13 bytes)
1713356039.909633 sending message 112 to peer 0x55b6e88150 (13 bytes)
1713356039.909685 sending message 112 to peer 0x55b6e88150 (12 bytes)
1713356039.909737 sending message 112 to peer 0x55b6e88150 (10 bytes)
1713356039.909789 sending message 112 to peer 0x55b6e88150 (12 bytes)
1713356039.909842 sending message 112 to peer 0x55b6e88150 (12 bytes)
1713356039.909894 sending message 112 to peer 0x55b6e88150 (12 bytes)
1713356039.909944 sending message 112 to peer 0x55b6e88150 (13 bytes)
1713356039.909996 sending message 112 to peer 0x55b6e88150 (13 bytes)
1713356039.910048 sending message 112 to peer 0x55b6e88150 (13 bytes)
1713356039.910101 sending message 112 to peer 0x55b6e88150 (13 bytes)
1713356039.910154 sending message 112 to peer 0x55b6e88150 (13 bytes)
1713356039.910206 sending message 112 to peer 0x55b6e88150 (13 bytes)
1713356039.910259 sending message 112 to peer 0x55b6e88150 (13 bytes)
1713356039.910311 sending message 112 to peer 0x55b6e88150 (10 bytes)
1713356039.910364 sending message 112 to peer 0x55b6e88150 (13 bytes)
1713356039.910419 sending message 112 to peer 0x55b6e88150 (12 bytes)
1713356039.910469 sending message 112 to peer 0x55b6e88150 (12 bytes)
1713356039.910519 sending message 112 to peer 0x55b6e88150 (12 bytes)
1713356039.910572 sending message 112 to peer 0x55b6e88150 (10 bytes)
1713356039.910624 sending message 112 to peer 0x55b6e88150 (10 bytes)
1713356039.910677 sending message 112 to peer 0x55b6e88150 (10 bytes)
1713356039.910730 sending message 112 to peer 0x55b6e88150 (12 bytes)
1713356039.910782 sending message 112 to peer 0x55b6e88150 (13 bytes)
1713356039.910834 sending message 112 to peer 0x55b6e88150 (13 bytes)
1713356039.910884 sending message 112 to peer 0x55b6e88150 (13 bytes)
1713356039.910936 sending message 112 to peer 0x55b6e88150 (13 bytes)
1713356039.910989 sending message 112 to peer 0x55b6e88150 (13 bytes)
1713356039.911041 sending message 112 to peer 0x55b6e88150 (11 bytes)
1713356039.911093 sending message 112 to peer 0x55b6e88150 (11 bytes)
1713356039.911145 sending message 112 to peer 0x55b6e88150 (12 bytes)
1713356039.911197 sending message 112 to peer 0x55b6e88150 (12 bytes)
1713356039.911250 sending message 112 to peer 0x55b6e88150 (12 bytes)
1713356039.911299 sending message 112 to peer 0x55b6e88150 (12 bytes)
1713356039.911351 sending message 112 to peer 0x55b6e88150 (12 bytes)
1713356039.911403 sending message 112 to peer 0x55b6e88150 (11 bytes)
1713356039.911456 sending message 112 to peer 0x55b6e88150 (12 bytes)
1713356039.911508 sending message 112 to peer 0x55b6e88150 (12 bytes)
1713356039.911561 sending message 112 to peer 0x55b6e88150 (13 bytes)
1713356039.911614 sending message 112 to peer 0x55b6e88150 (13 bytes)
1713356039.911666 sending message 112 to peer 0x55b6e88150 (13 bytes)
1713356039.911715 sending message 112 to peer 0x55b6e88150 (13 bytes)
1713356039.911768 sending message 112 to peer 0x55b6e88150 (13 bytes)
1713356039.911820 sending message 112 to peer 0x55b6e88150 (10 bytes)
1713356039.911872 sending message 112 to peer 0x55b6e88150 (9 bytes)
1713356039.911925 sending message 112 to peer 0x55b6e88150 (12 bytes)
1713356039.911977 sending message 112 to peer 0x55b6e88150 (13 bytes)
1713356039.912031 sending message 112 to peer 0x55b6e88150 (13 bytes)
1713356039.912086 sending message 112 to peer 0x55b6e88150 (13 bytes)
1713356039.912138 sending message 112 to peer 0x55b6e88150 (13 bytes)
1713356039.912190 sending message 112 to peer 0x55b6e88150 (13 bytes)
1713356039.912242 sending message 112 to peer 0x55b6e88150 (9 bytes)
1713356039.912294 sending message 112 to peer 0x55b6e88150 (12 bytes)
1713356039.912348 sending message 112 to peer 0x55b6e88150 (13 bytes)
1713356039.912400 sending message 112 to peer 0x55b6e88150 (13 bytes)
1713356039.912450 sending message 112 to peer 0x55b6e88150 (13 bytes)
1713356039.912544 sending message 112 to peer 0x55b6e88150 (13 bytes)
1713356039.912601 sending message 112 to peer 0x55b6e88150 (13 bytes)
1713356039.912653 sending message 112 to peer 0x55b6e88150 (11 bytes)
1713356039.912705 sending message 112 to peer 0x55b6e88150 (12 bytes)
1713356039.912758 sending message 112 to peer 0x55b6e88150 (13 bytes)
1713356039.912807 sending message 112 to peer 0x55b6e88150 (13 bytes)
1713356039.912857 sending message 112 to peer 0x55b6e88150 (13 bytes)
1713356039.912906 sending message 112 to peer 0x55b6e88150 (13 bytes)
1713356039.912958 sending message 112 to peer 0x55b6e88150 (13 bytes)
1713356039.913224 sending message 112 to peer 0x55b6e88150 (11 bytes)
1713356039.913294 sending message 112 to peer 0x55b6e88150 (12 bytes)
1713356039.913347 sending message 112 to peer 0x55b6e88150 (12 bytes)
1713356039.913399 sending message 112 to peer 0x55b6e88150 (12 bytes)
1713356039.913453 sending message 112 to peer 0x55b6e88150 (12 bytes)
1713356039.913505 sending message 112 to peer 0x55b6e88150 (12 bytes)
1713356039.913557 sending message 112 to peer 0x55b6e88150 (21 bytes)
1713356039.913610 sending message 112 to peer 0x55b6e88150 (12 bytes)
1713356039.913663 sending message 112 to peer 0x55b6e88150 (9 bytes)
1713356039.913715 sending message 112 to peer 0x55b6e88150 (6 bytes)
1713356039.913767 sending message 112 to peer 0x55b6e88150 (13 bytes)
1713356039.913846 sending message 112 to peer 0x55b6e88150 (8 bytes)
1713356039.913901 sending message 112 to peer 0x55b6e88150 (15 bytes)
1713356039.913951 sending message 112 to peer 0x55b6e88150 (13 bytes)
1713356039.914004 sending message 112 to peer 0x55b6e88150 (9 bytes)
1713356039.914059 sending message 112 to peer 0x55b6e88150 (70 bytes)
1713356039.914111 sending message 112 to peer 0x55b6e88150 (69 bytes)
1713356039.914162 sending message 112 to peer 0x55b6e88150 (10 bytes)
1713356039.914214 sending message 112 to peer 0x55b6e88150 (10 bytes)
1713356039.914404 sending message 112 to peer 0x55b6e88150 (8 bytes)
1713356039.914468 sending message 112 to peer 0x55b6e88150 (15 bytes)
1713356039.914521 sending message 112 to peer 0x55b6e88150 (13 bytes)
1713356039.914572 sending message 112 to peer 0x55b6e88150 (10 bytes)
1713356039.914624 sending message 112 to peer 0x55b6e88150 (10 bytes)
1713356039.914676 sending message 112 to peer 0x55b6e88150 (17 bytes)
1713356039.914728 sending message 112 to peer 0x55b6e88150 (10 bytes)
1713356039.914780 sending message 112 to peer 0x55b6e88150 (13 bytes)
1713356039.914832 sending message 112 to peer 0x55b6e88150 (9 bytes)
1713356039.914881 sending message 112 to peer 0x55b6e88150 (5 bytes)
1713356039.914934 sending message 112 to peer 0x55b6e88150 (15 bytes)
1713356039.914996 sending message 104 to peer 0x55b6e88150 (0 bytes)
1713356039.915054 sending message 110 to peer 0x55b6e88150 (0 bytes)
1713356039.915114 sending message 107 to peer 0x55b6e88150 (4 bytes)
1713356039.915166 sending message 105 to peer 0x55b6e88150 (8 bytes)
1713356039.915218 sending message 105 to peer 0x55b6e88150 (54 bytes)
1713356039.915268 sending message 105 to peer 0x55b6e88150 (54 bytes)
1713356039.915319 sending message 105 to peer 0x55b6e88150 (15 bytes)
1713356039.915374 sending message 105 to peer 0x55b6e88150 (15 bytes)
1713356039.915426 sending message 105 to peer 0x55b6e88150 (20 bytes)
1713356039.915478 sending message 105 to peer 0x55b6e88150 (32 bytes)
1713356039.915529 sending message 105 to peer 0x55b6e88150 (18 bytes)
1713356039.915578 sending message 105 to peer 0x55b6e88150 (30 bytes)
1713356039.915630 sending message 105 to peer 0x55b6e88150 (37 bytes)
1713356039.915682 sending message 105 to peer 0x55b6e88150 (45 bytes)
1713356039.915733 sending message 105 to peer 0x55b6e88150 (26 bytes)
1713356039.915785 sending message 105 to peer 0x55b6e88150 (12 bytes)
1713356039.915840 sending message 105 to peer 0x55b6e88150 (154 bytes)
1713356039.915890 sending message 105 to peer 0x55b6e88150 (31 bytes)
1713356039.915939 sending message 105 to peer 0x55b6e88150 (13 bytes)
1713356039.915988 sending message 105 to peer 0x55b6e88150 (30 bytes)
1713356039.916095 sending message 105 to peer 0x55b6e88150 (60 bytes)
1713356039.916149 sending message 105 to peer 0x55b6e88150 (17 bytes)
1713356039.916201 sending message 105 to peer 0x55b6e88150 (23 bytes)
1713356039.916254 sending message 105 to peer 0x55b6e88150 (36 bytes)
1713356039.916302 sending message 105 to peer 0x55b6e88150 (19 bytes)
1713356039.916354 sending message 105 to peer 0x55b6e88150 (18 bytes)
1713356039.916406 sending message 105 to peer 0x55b6e88150 (19 bytes)
1713356039.916458 sending message 105 to peer 0x55b6e88150 (19 bytes)
1713356039.916511 sending message 105 to peer 0x55b6e88150 (21 bytes)
1713356039.916563 sending message 106 to peer 0x55b6e88150 (0 bytes)
1713356039.916927 sending message 200 to peer 0x55b6e88150 (4 bytes)
1713356039.917041 client loop enter
1713356039.919250 peer 0x55b6e88150 message 303
1713356039.919367 open write file 2 -
1713356039.919457 sending message 305 to peer 0x55b6e88150 (8 bytes)
1713356039.919558 write check file 2
1713356039.920242 peer 0x55b6e88150 message 304
1713356039.920308 write 58 to file 2
1713356039.920365 peer 0x55b6e88150 message 203
1713356039.920412 file 2 58 bytes left
1713356039.920553 write check file 2
1713356039.920602 client loop exit
